<component name="libraryTable">
  <library name="junit-4.13.2 (2)">
    <CLASSES>
      <root url="jar://$PROJECT_DIR$/Project1/VotingSystem/lib/junit-4.13.2.jar!/" />
    </CLASSES>
    <JAVADOC />
    <SOURCES />
  </library>
</component>